version: (200506)

available memory: 64M bytes
used memory: 262144 bytes [need 256K bytes if disable swap]

used block: 11 [memory(11) file(0)]
                 [ 8K(8) 64K(3) { total 256K bytes } ]
overhead: (9532) bytes for (11) blocks [Average: (866) bytes/block]

write  => 0(times) 0K(bytes) [0K bytes to file]
read   => 3(times) 45K(bytes) [8K bytes compressed data from file]
access => 258399(times) 2035M(bytes)
          [hit ratio: 99.9988%]

time: write(0) read(0)  unit: second

swap file directory: (/home/hedu14/AHN/0413_uart/verdiLog)
used swap file number: (6)



swap file manager:
arrSize: (256)
idxCnt: (7)
closeHead: (1)
closeTail: (6)
openCnt: (4)
fid(6): fd(1073741826) fileName(/home/hedu14/AHN/0413_uart/simv.daidir/kdb.elab++/work.lib++/uart_rx.sv.tdc)
	size(2746) lastModTime(1780843201) curModTime(1780843201)
	mode(rb)	hot(0) cool(5) pos(0)
fid(5): fd(1073741825) fileName(/home/hedu14/AHN/0413_uart/simv.daidir/kdb.elab++/work.lib++/uart_tx.sv.tdc)
	size(3015) lastModTime(1780843201) curModTime(1780843201)
	mode(rb)	hot(6) cool(2) pos(0)
fid(4): fd(0) fileName(/home/hedu14/AHN/0413_uart/simv.daidir/kdb.elab++/work.lib++/uart.sv.tdc)
	size(1960) lastModTime(1780843201) curModTime(1780843201)
	mode(rb)	hot(0) cool(0) pos(0)
fid(3): fd(0) fileName(/home/hedu14/AHN/0413_uart/simv.daidir/kdb.elab++/work.lib++/uvm_custom_install_verdi_recorder.sv.tdc)
	size(16100) lastModTime(1780843201) curModTime(1780843201)
	mode(rb)	hot(0) cool(0) pos(0)
fid(2): fd(22) fileName(/home/hedu14/AHN/0413_uart/verdiLog/_swap_0001#261616969#2267321)
	size(0) lastModTime(0) curModTime(1780847044)
	mode(w+b)	hot(5) cool(1) pos(0)
fid(1): fd(1073741824) fileName(/home/hedu14/AHN/0413_uart/simv.daidir/kdb.elab++/work.lib++/tb_uart_uvm.sv.tdc)
	size(32685) lastModTime(1780843201) curModTime(1780843201)
	mode(rb)	hot(2) cool(0) pos(0)
fid(0): fd(0) fileName(NULL)
	mode(NULL)	hot(0) cool(0) pos(0)
==================================================
mySelf(0x1fcbccc0) pre(0x2149b1a0) next((nil))
version(200506)
date(Dec  3 2024 20:20:45)
