Warning: Design Not Loaded Yet: 
Error-[UCAPI-DNYL] Design not yet loaded
  Loading test 'coverage.vdb/sim1' failed, as design is not yet loaded.
  Either you missed out specifying design directory or your design directory 
  is corrupted.
Warning: Design Not Loaded Yet: 
Error-[UCAPI-DNYL] Design not yet loaded
  Loading test 'coverage.vdb/sim1' failed, as design is not yet loaded.
  Either you missed out specifying design directory or your design directory 
  is corrupted.
Warning: Design Not Loaded Yet: 
Error-[UCAPI-DNYL] Design not yet loaded
  Loading test 'coverage.vdb/sim1' failed, as design is not yet loaded.
  Either you missed out specifying design directory or your design directory 
  is corrupted.
Warning: Limited Design Loaded: 
Warning-[UCAPI-LDAST] Limited design loaded
  Only the design information inferred from assertion database is available 
  since the information containing the full compile-time design is not 
  available in the base coverage directory 'coverage.vdb'. The report contains
  only a partial hierarchy - the parts containing assertions - but all 
  coverage scores are correct.
  This situation can sometimes happen if you have only assertion coverage 
  enabled. If you need the full hierarchical report, you have to use at least 
  one '-cm' option at compile-time.
Warning: Design Not Loaded Yet: 
Error-[UCAPI-DNYL] Design not yet loaded
  Loading test 'coverage.vdb/sim1' failed, as design is not yet loaded.
  Either you missed out specifying design directory or your design directory 
  is corrupted.
Warning: Design Not Loaded Yet: 
Error-[UCAPI-DNYL] Design not yet loaded
  Loading test 'coverage.vdb/sim1' failed, as design is not yet loaded.
  Either you missed out specifying design directory or your design directory 
  is corrupted.
Warning: Design Not Loaded Yet: 
Error-[UCAPI-DNYL] Design not yet loaded
  Loading test 'MergedTest' failed, as design is not yet loaded.
  Either you missed out specifying design directory or your design directory 
  is corrupted.
Warning: Design Not Loaded Yet: 
Error-[UCAPI-DNYL] Design not yet loaded
  Loading test 'MergedTest' failed, as design is not yet loaded.
  Either you missed out specifying design directory or your design directory 
  is corrupted.
Warning: Design Not Loaded Yet: 
Error-[UCAPI-DNYL] Design not yet loaded
  Loading test 'MergedTest' failed, as design is not yet loaded.
  Either you missed out specifying design directory or your design directory 
  is corrupted.
Warning: Design Not Loaded Yet: 
Error-[UCAPI-DNYL] Design not yet loaded
  Loading test 'MergedTest' failed, as design is not yet loaded.
  Either you missed out specifying design directory or your design directory 
  is corrupted.
Warning: Design Not Loaded Yet: 
Error-[UCAPI-DNYL] Design not yet loaded
  Loading test 'MergedTest' failed, as design is not yet loaded.
  Either you missed out specifying design directory or your design directory 
  is corrupted.
Warning: Design Not Loaded Yet: 
Error-[UCAPI-DNYL] Design not yet loaded
  Loading test 'MergedTest' failed, as design is not yet loaded.
  Either you missed out specifying design directory or your design directory 
  is corrupted.
Warning: Design Not Loaded Yet: 
Error-[UCAPI-DNYL] Design not yet loaded
  Loading test 'MergedTest' failed, as design is not yet loaded.
  Either you missed out specifying design directory or your design directory 
  is corrupted.
Warning: Design Not Loaded Yet: 
Error-[UCAPI-DNYL] Design not yet loaded
  Loading test 'MergedTest' failed, as design is not yet loaded.
  Either you missed out specifying design directory or your design directory 
  is corrupted.
Warning: Design Not Loaded Yet: 
Error-[UCAPI-DNYL] Design not yet loaded
  Loading test 'MergedTest' failed, as design is not yet loaded.
  Either you missed out specifying design directory or your design directory 
  is corrupted.
The design 'coverage.vdb' was loaded successfully.
The following test is loaded from "coverage.vdb",
    coverage/sim1
Warning: Design Not Loaded Yet: 
Error-[UCAPI-DNYL] Design not yet loaded
  Loading test 'MergedTest' failed, as design is not yet loaded.
  Either you missed out specifying design directory or your design directory 
  is corrupted.
Warning: Design Not Loaded Yet: 
Error-[UCAPI-DNYL] Design not yet loaded
  Loading test 'MergedTest' failed, as design is not yet loaded.
  Either you missed out specifying design directory or your design directory 
  is corrupted.
Warning: Design Not Loaded Yet: 
Error-[UCAPI-DNYL] Design not yet loaded
  Loading test 'MergedTest' failed, as design is not yet loaded.
  Either you missed out specifying design directory or your design directory 
  is corrupted.
Warning: Design Not Loaded Yet: 
Error-[UCAPI-DNYL] Design not yet loaded
  Loading test 'MergedTest' failed, as design is not yet loaded.
  Either you missed out specifying design directory or your design directory 
  is corrupted.
Warning: Design Not Loaded Yet: 
Error-[UCAPI-DNYL] Design not yet loaded
  Loading test 'MergedTest' failed, as design is not yet loaded.
  Either you missed out specifying design directory or your design directory 
  is corrupted.
Warning: Design Not Loaded Yet: 
Error-[UCAPI-DNYL] Design not yet loaded
  Loading test 'MergedTest' failed, as design is not yet loaded.
  Either you missed out specifying design directory or your design directory 
  is corrupted.
Warning: Design Not Loaded Yet: 
Error-[UCAPI-DNYL] Design not yet loaded
  Loading test 'MergedTest' failed, as design is not yet loaded.
  Either you missed out specifying design directory or your design directory 
  is corrupted.
Warning: Design Not Loaded Yet: 
Error-[UCAPI-DNYL] Design not yet loaded
  Loading test 'MergedTest' failed, as design is not yet loaded.
  Either you missed out specifying design directory or your design directory 
  is corrupted.
Warning: Design Not Loaded Yet: 
Error-[UCAPI-DNYL] Design not yet loaded
  Loading test 'MergedTest' failed, as design is not yet loaded.
  Either you missed out specifying design directory or your design directory 
  is corrupted.
Warning: Design Not Loaded Yet: 
Error-[UCAPI-DNYL] Design not yet loaded
  Loading test 'MergedTest' failed, as design is not yet loaded.
  Either you missed out specifying design directory or your design directory 
  is corrupted.
Warning: Design Not Loaded Yet: 
Error-[UCAPI-DNYL] Design not yet loaded
  Loading test 'MergedTest' failed, as design is not yet loaded.
  Either you missed out specifying design directory or your design directory 
  is corrupted.
Warning: Design Not Loaded Yet: 
Error-[UCAPI-DNYL] Design not yet loaded
  Loading test 'MergedTest' failed, as design is not yet loaded.
  Either you missed out specifying design directory or your design directory 
  is corrupted.
Warning: Design Not Loaded Yet: 
Error-[UCAPI-DNYL] Design not yet loaded
  Loading test 'MergedTest' failed, as design is not yet loaded.
  Either you missed out specifying design directory or your design directory 
  is corrupted.
Warning: Design Not Loaded Yet: 
Error-[UCAPI-DNYL] Design not yet loaded
  Loading test 'MergedTest' failed, as design is not yet loaded.
  Either you missed out specifying design directory or your design directory 
  is corrupted.
Warning: Design Not Loaded Yet: 
Error-[UCAPI-DNYL] Design not yet loaded
  Loading test 'MergedTest' failed, as design is not yet loaded.
  Either you missed out specifying design directory or your design directory 
  is corrupted.
Warning: Design Not Loaded Yet: 
Error-[UCAPI-DNYL] Design not yet loaded
  Loading test 'MergedTest' failed, as design is not yet loaded.
  Either you missed out specifying design directory or your design directory 
  is corrupted.
Warning: Design Not Loaded Yet: 
Error-[UCAPI-DNYL] Design not yet loaded
  Loading test 'MergedTest' failed, as design is not yet loaded.
  Either you missed out specifying design directory or your design directory 
  is corrupted.
Warning: Design Not Loaded Yet: 
Error-[UCAPI-DNYL] Design not yet loaded
  Loading test 'MergedTest' failed, as design is not yet loaded.
  Either you missed out specifying design directory or your design directory 
  is corrupted.
Warning: Design Not Loaded Yet: 
Error-[UCAPI-DNYL] Design not yet loaded
  Loading test 'MergedTest' failed, as design is not yet loaded.
  Either you missed out specifying design directory or your design directory 
  is corrupted.
Warning: Design Not Loaded Yet: 
Error-[UCAPI-DNYL] Design not yet loaded
  Loading test 'MergedTest' failed, as design is not yet loaded.
  Either you missed out specifying design directory or your design directory 
  is corrupted.
Warning: Design Not Loaded Yet: 
Error-[UCAPI-DNYL] Design not yet loaded
  Loading test 'MergedTest' failed, as design is not yet loaded.
  Either you missed out specifying design directory or your design directory 
  is corrupted.
Warning: Design Not Loaded Yet: 
Error-[UCAPI-DNYL] Design not yet loaded
  Loading test 'MergedTest' failed, as design is not yet loaded.
  Either you missed out specifying design directory or your design directory 
  is corrupted.
Warning: Design Not Loaded Yet: 
Error-[UCAPI-DNYL] Design not yet loaded
  Loading test 'MergedTest' failed, as design is not yet loaded.
  Either you missed out specifying design directory or your design directory 
  is corrupted.
Warning: Design Not Loaded Yet: 
Error-[UCAPI-DNYL] Design not yet loaded
  Loading test 'MergedTest' failed, as design is not yet loaded.
  Either you missed out specifying design directory or your design directory 
  is corrupted.
Warning: Design Not Loaded Yet: 
Error-[UCAPI-DNYL] Design not yet loaded
  Loading test 'MergedTest' failed, as design is not yet loaded.
  Either you missed out specifying design directory or your design directory 
  is corrupted.
Warning: Design Not Loaded Yet: 
Error-[UCAPI-DNYL] Design not yet loaded
  Loading test 'MergedTest' failed, as design is not yet loaded.
  Either you missed out specifying design directory or your design directory 
  is corrupted.
Warning: Design Not Loaded Yet: 
Error-[UCAPI-DNYL] Design not yet loaded
  Loading test 'MergedTest' failed, as design is not yet loaded.
  Either you missed out specifying design directory or your design directory 
  is corrupted.
Warning: Design Not Loaded Yet: 
Error-[UCAPI-DNYL] Design not yet loaded
  Loading test 'MergedTest' failed, as design is not yet loaded.
  Either you missed out specifying design directory or your design directory 
  is corrupted.
Warning: Design Not Loaded Yet: 
Error-[UCAPI-DNYL] Design not yet loaded
  Loading test 'MergedTest' failed, as design is not yet loaded.
  Either you missed out specifying design directory or your design directory 
  is corrupted.
Warning: Design Not Loaded Yet: 
Error-[UCAPI-DNYL] Design not yet loaded
  Loading test 'MergedTest' failed, as design is not yet loaded.
  Either you missed out specifying design directory or your design directory 
  is corrupted.
Warning: Design Not Loaded Yet: 
Error-[UCAPI-DNYL] Design not yet loaded
  Loading test 'MergedTest' failed, as design is not yet loaded.
  Either you missed out specifying design directory or your design directory 
  is corrupted.
Warning: Design Not Loaded Yet: 
Error-[UCAPI-DNYL] Design not yet loaded
  Loading test 'MergedTest' failed, as design is not yet loaded.
  Either you missed out specifying design directory or your design directory 
  is corrupted.
Warning: Design Not Loaded Yet: 
Error-[UCAPI-DNYL] Design not yet loaded
  Loading test 'MergedTest' failed, as design is not yet loaded.
  Either you missed out specifying design directory or your design directory 
  is corrupted.
The following flags are unrecognized for coverage and have been saved as 'verdi' debug flags:
  -dbdir simv.daidir -ssf novas.fsdb
Please use Tools->Debug to launch the Verdi debugger with these flags.
